<?xml version="1.0" encoding="UTF-8"?>
<!-- Generated by org.testng.reporters.JUnitReportReporter -->
<testsuite hostname="DESKTOP-69DCS5T" failures="0" tests="1" name="testpackage.RegistrationTest" time="2.865" errors="0" timestamp="2024-05-12T22:43:57 IST" skipped="0">
  <testcase classname="testpackage.RegistrationTest" name="registrationmethod" time="2.865"/>
</testsuite> <!-- testpackage.RegistrationTest -->
